1588410845.9737794 73.94
1588577076.5113251 73.87
1588917673.763293 73.83
1589004055.5893612 73.76
1589100634.2100534 73.69
1589823151.93284 72.92
1593167571.2256439 72.89
1593710441.7359 72.12
1596006415.333434 72.04
1597043855.9029703 71.97
1597247649.8893433 71.87
1597383423.8406785 71.13
1597602590.140131 71.06
1598357547.0177214 71.03
1598439044.3734624 70.96
1600965162.561229 70.15
1601043999.034912 70.08
1601645409.0998518 70.05
1602498604.2046876 69.98
1602828883.1943738 69.91
1605079077.6018178 69.13
1606228319.9872684 68.99
1606456854.5793128 68.92
1606472712.3081295 68.85
1606559323.4085236 68.82
1607354295.7307317 68.75
1607777499.2778811 68.61
1608036511.0428154 68.5
1608777681.5701208 68.22
1609077791.673597 68.12
1609302453.9039106 68.05
1609414866.4973755 67.98
1610219164.1870933 67.91
1611249730.2853909 67.87
1612935759.7484162 67.17
1615527650.6019926 66.96
1617370868.8129137 66.85
1618579313.3003304 66.15
1618909046.7554028 66.08
1619789737.8200777 66.01
1620555250.7795017 65.98
1623040496.970239 65.24
1632339171.3871543 63.94
1643747386.4951823 61.59
1645192948.5319626 60.93
1645711478.4236019 51
1646087363.4995708 50.86
1649423407.3149984 50.37
1653700146.1686344 45
1654395909.123411 44.93
